# compile-train-graphs --read-disambig-syms=./data/lang/phones/disambig.int ./exp//tri1/tree ./exp//tri1/1.mdl ./data/lang/L.fst "ark:utils/sym2int.pl --map-oov 1 -f 2- ./data/lang/words.txt < ./data/train/split1/1/text |" "ark:|gzip -c >./exp//tri1/fsts.1.gz" 
# Started at Fri Aug  2 16:59:39 CEST 2024
#
compile-train-graphs --read-disambig-syms=./data/lang/phones/disambig.int ./exp//tri1/tree ./exp//tri1/1.mdl ./data/lang/L.fst 'ark:utils/sym2int.pl --map-oov 1 -f 2- ./data/lang/words.txt < ./data/train/split1/1/text |' 'ark:|gzip -c >./exp//tri1/fsts.1.gz' 
sym2int.pl: replacing ɲàˀsé with 1
sym2int.pl: replacing ɲàˀsé with 1
sym2int.pl: replacing ɲàˀsé with 1
sym2int.pl: replacing ò*á with 1
sym2int.pl: replacing ò*á with 1
sym2int.pl: replacing ò*á with 1
sym2int.pl: replacing pìní-mé with 1
sym2int.pl: replacing pìˀní-mé with 1
sym2int.pl: replacing pìˀní-mé with 1
sym2int.pl: replacing kʰòʔɨ́-mɨ̃̀ with 1
sym2int.pl: replacing kʰò*ɨ́-mè with 1
sym2int.pl: replacing kʰò*ɨ́-mè with 1
sym2int.pl: replacing βèˀsé with 1
sym2int.pl: replacing βèˀsé with 1
sym2int.pl: replacing kàí-mõ̀ with 1
sym2int.pl: replacing kàí-mɨ̃́ with 1
sym2int.pl: replacing kàí-mɨ̃́ with 1
sym2int.pl: replacing cǐ-mṍ with 1
sym2int.pl: replacing cǐː-mṍ with 1
sym2int.pl: replacing má*àkàɹɨ́ with 1
sym2int.pl: not warning for OOVs any more times
** Replaced 307 instances of OOVs with 1
LOG (compile-train-graphs[5.5.1139~1-67548]:main():compile-train-graphs.cc:147) compile-train-graphs: succeeded for 318 graphs, failed for 0
# Accounting: time=0 threads=1
# Ended (code 0) at Fri Aug  2 16:59:39 CEST 2024, elapsed time 0 seconds
