# build-tree --verbose=1 --max-leaves=2000 --cluster-thresh=-1 ./exp/tri1/treeacc ./data/lang/phones/roots.int ./exp/tri1/questions.qst ./data/lang/topo ./exp/tri1/tree 
# Started at Sun Jul 21 12:33:28 CEST 2024
#
build-tree --verbose=1 --max-leaves=2000 --cluster-thresh=-1 ./exp/tri1/treeacc ./data/lang/phones/roots.int ./exp/tri1/questions.qst ./data/lang/topo ./exp/tri1/tree 
LOG (build-tree[5.5.1139~1-67548]:main():build-tree.cc:104) Number of separate statistics is 23
LOG (build-tree[5.5.1139~1-67548]:BuildTree():build-tree.cc:161) BuildTree: before building trees, map has 46 leaves.
LOG (build-tree[5.5.1139~1-67548]:SplitDecisionTree():build-tree-utils.cc:575) DoDecisionTreeSplit: split 12 times, #leaves now 58
LOG (build-tree[5.5.1139~1-67548]:BuildTree():build-tree.cc:187) Setting clustering threshold to smallest split 305.375
VLOG[1] (build-tree[5.5.1139~1-67548]:BuildTree():build-tree.cc:196) After decision tree split, num-leaves = 58, like-impr = 5.8319 per frame over 25729 frames.
VLOG[1] (build-tree[5.5.1139~1-67548]:BuildTree():build-tree.cc:200) Including just phones that were split, improvement is 5.8319 per frame over 25729 frames.
LOG (build-tree[5.5.1139~1-67548]:BuildTree():build-tree.cc:215) BuildTree: removed 1 leaves.
VLOG[1] (build-tree[5.5.1139~1-67548]:ClusterEventMapToNClustersRestrictedByMap():build-tree-utils.cc:912) Number of non-empty clusters in map = 2
VLOG[1] (build-tree[5.5.1139~1-67548]:ClusterEventMapToNClustersRestrictedByMap():build-tree-utils.cc:913) Number of non-empty clusters = 13
LOG (build-tree[5.5.1139~1-67548]:BuildTree():build-tree.cc:231) BuildTree: Rounded num leaves to multiple of 8 by removing 1 leaves.
VLOG[1] (build-tree[5.5.1139~1-67548]:BuildTree():build-tree.cc:256) Objf change due to clustering -0.0243597 per frame.
VLOG[1] (build-tree[5.5.1139~1-67548]:BuildTree():build-tree.cc:259) Normalizing over only split phones, this is: -0.0243597 per frame.
VLOG[1] (build-tree[5.5.1139~1-67548]:BuildTree():build-tree.cc:262) Num-leaves is now 56
VLOG[1] (build-tree[5.5.1139~1-67548]:main():build-tree.cc:143) For pdf-id 1, low count 0
VLOG[1] (build-tree[5.5.1139~1-67548]:main():build-tree.cc:143) For pdf-id 2, low count 0
VLOG[1] (build-tree[5.5.1139~1-67548]:main():build-tree.cc:143) For pdf-id 3, low count 0
VLOG[1] (build-tree[5.5.1139~1-67548]:main():build-tree.cc:143) For pdf-id 4, low count 0
VLOG[1] (build-tree[5.5.1139~1-67548]:main():build-tree.cc:143) For pdf-id 5, low count 0
VLOG[1] (build-tree[5.5.1139~1-67548]:main():build-tree.cc:143) For pdf-id 6, low count 0
VLOG[1] (build-tree[5.5.1139~1-67548]:main():build-tree.cc:143) For pdf-id 7, low count 0
VLOG[1] (build-tree[5.5.1139~1-67548]:main():build-tree.cc:143) For pdf-id 8, low count 0
VLOG[1] (build-tree[5.5.1139~1-67548]:main():build-tree.cc:143) For pdf-id 9, low count 0
VLOG[1] (build-tree[5.5.1139~1-67548]:main():build-tree.cc:143) For pdf-id 10, low count 0
VLOG[1] (build-tree[5.5.1139~1-67548]:main():build-tree.cc:143) For pdf-id 11, low count 0
VLOG[1] (build-tree[5.5.1139~1-67548]:main():build-tree.cc:143) For pdf-id 12, low count 0
VLOG[1] (build-tree[5.5.1139~1-67548]:main():build-tree.cc:143) For pdf-id 13, low count 0
VLOG[1] (build-tree[5.5.1139~1-67548]:main():build-tree.cc:143) For pdf-id 14, low count 0
VLOG[1] (build-tree[5.5.1139~1-67548]:main():build-tree.cc:143) For pdf-id 15, low count 0
VLOG[1] (build-tree[5.5.1139~1-67548]:main():build-tree.cc:143) For pdf-id 16, low count 0
VLOG[1] (build-tree[5.5.1139~1-67548]:main():build-tree.cc:143) For pdf-id 17, low count 0
VLOG[1] (build-tree[5.5.1139~1-67548]:main():build-tree.cc:143) For pdf-id 18, low count 0
VLOG[1] (build-tree[5.5.1139~1-67548]:main():build-tree.cc:143) For pdf-id 19, low count 0
VLOG[1] (build-tree[5.5.1139~1-67548]:main():build-tree.cc:143) For pdf-id 20, low count 0
VLOG[1] (build-tree[5.5.1139~1-67548]:main():build-tree.cc:143) For pdf-id 21, low count 0
VLOG[1] (build-tree[5.5.1139~1-67548]:main():build-tree.cc:143) For pdf-id 22, low count 0
VLOG[1] (build-tree[5.5.1139~1-67548]:main():build-tree.cc:143) For pdf-id 23, low count 0
VLOG[1] (build-tree[5.5.1139~1-67548]:main():build-tree.cc:143) For pdf-id 24, low count 0
VLOG[1] (build-tree[5.5.1139~1-67548]:main():build-tree.cc:143) For pdf-id 25, low count 0
VLOG[1] (build-tree[5.5.1139~1-67548]:main():build-tree.cc:143) For pdf-id 26, low count 0
VLOG[1] (build-tree[5.5.1139~1-67548]:main():build-tree.cc:143) For pdf-id 27, low count 0
VLOG[1] (build-tree[5.5.1139~1-67548]:main():build-tree.cc:143) For pdf-id 28, low count 0
VLOG[1] (build-tree[5.5.1139~1-67548]:main():build-tree.cc:143) For pdf-id 29, low count 0
VLOG[1] (build-tree[5.5.1139~1-67548]:main():build-tree.cc:143) For pdf-id 30, low count 0
VLOG[1] (build-tree[5.5.1139~1-67548]:main():build-tree.cc:143) For pdf-id 31, low count 0
VLOG[1] (build-tree[5.5.1139~1-67548]:main():build-tree.cc:143) For pdf-id 32, low count 0
VLOG[1] (build-tree[5.5.1139~1-67548]:main():build-tree.cc:143) For pdf-id 33, low count 0
VLOG[1] (build-tree[5.5.1139~1-67548]:main():build-tree.cc:143) For pdf-id 34, low count 0
VLOG[1] (build-tree[5.5.1139~1-67548]:main():build-tree.cc:143) For pdf-id 35, low count 0
VLOG[1] (build-tree[5.5.1139~1-67548]:main():build-tree.cc:143) For pdf-id 36, low count 0
VLOG[1] (build-tree[5.5.1139~1-67548]:main():build-tree.cc:143) For pdf-id 37, low count 0
VLOG[1] (build-tree[5.5.1139~1-67548]:main():build-tree.cc:143) For pdf-id 38, low count 0
VLOG[1] (build-tree[5.5.1139~1-67548]:main():build-tree.cc:143) For pdf-id 39, low count 0
VLOG[1] (build-tree[5.5.1139~1-67548]:main():build-tree.cc:143) For pdf-id 40, low count 0
VLOG[1] (build-tree[5.5.1139~1-67548]:main():build-tree.cc:143) For pdf-id 41, low count 0
VLOG[1] (build-tree[5.5.1139~1-67548]:main():build-tree.cc:143) For pdf-id 42, low count 0
VLOG[1] (build-tree[5.5.1139~1-67548]:main():build-tree.cc:143) For pdf-id 43, low count 0
VLOG[1] (build-tree[5.5.1139~1-67548]:main():build-tree.cc:143) For pdf-id 44, low count 0
WARNING (build-tree[5.5.1139~1-67548]:main():build-tree.cc:185) Saw no stats for following phones: 2 3 4 5 6 7 8 9 10 11 12 13 14 15 16 17 18 19 20 21 22 23 24 25 26 27 28 29 30 31 32 33 34 35 36 37 38 39 40 41 42 43 44 45 46 47 48 49 50 51 52 53 54 55 56 57 58 59 60 61 62 63 64 65 66 67 68 69 70 71 72 73 74 75 76 77 78 79 80 81 82 83 84 85 86 87 88 89 90 91 92 93 94 95 96 97 98 99 100 101 102 103 104 105 106 107 108 109 110 111 112 113 114 115 116 117 118 119 120 121 122 123 124 125 126 127 128 129 130 131 132 133 134 135 136 137 138 139 140 141 142 143 144 145 146 147 148 149 150 151 152 153 154 155 156 157 158 159 160 161 162 163 164 165 166 167 168 169 170 171 172 173 174 175 176 177 178 179 180 181 182 183 184 
LOG (build-tree[5.5.1139~1-67548]:main():build-tree.cc:189) Wrote tree
# Accounting: time=0 threads=1
# Ended (code 0) at Sun Jul 21 12:33:28 CEST 2024, elapsed time 0 seconds
