# gmm-init-model --write-occs=./exp/tri1/1.occs ./exp/tri1/tree ./exp/tri1/treeacc ./data/lang/topo ./exp/tri1/1.mdl 
# Started at Mon Jul 22 15:52:34 CEST 2024
#
gmm-init-model --write-occs=./exp/tri1/1.occs ./exp/tri1/tree ./exp/tri1/treeacc ./data/lang/topo ./exp/tri1/1.mdl 
LOG (gmm-init-model[5.5.1139~1-67548]:main():gmm-init-model.cc:271) Number of separate statistics is 104
WARNING (gmm-init-model[5.5.1139~1-67548]:InitAmGmm():gmm-init-model.cc:55) Tree has pdf-id 1 with no stats; corresponding phone list: 6 7 8 9 
WARNING (gmm-init-model[5.5.1139~1-67548]:InitAmGmm():gmm-init-model.cc:55) Tree has pdf-id 2 with no stats; corresponding phone list: 10 11 12 13 
WARNING (gmm-init-model[5.5.1139~1-67548]:InitAmGmm():gmm-init-model.cc:55) Tree has pdf-id 3 with no stats; corresponding phone list: 14 15 16 17 
WARNING (gmm-init-model[5.5.1139~1-67548]:InitAmGmm():gmm-init-model.cc:55) Tree has pdf-id 4 with no stats; corresponding phone list: 18 19 20 21 
WARNING (gmm-init-model[5.5.1139~1-67548]:InitAmGmm():gmm-init-model.cc:55) Tree has pdf-id 5 with no stats; corresponding phone list: 22 23 24 25 
WARNING (gmm-init-model[5.5.1139~1-67548]:InitAmGmm():gmm-init-model.cc:55) Tree has pdf-id 6 with no stats; corresponding phone list: 26 27 28 29 
WARNING (gmm-init-model[5.5.1139~1-67548]:InitAmGmm():gmm-init-model.cc:55) Tree has pdf-id 7 with no stats; corresponding phone list: 30 31 32 33 
WARNING (gmm-init-model[5.5.1139~1-67548]:InitAmGmm():gmm-init-model.cc:55) Tree has pdf-id 8 with no stats; corresponding phone list: 34 35 36 37 
WARNING (gmm-init-model[5.5.1139~1-67548]:InitAmGmm():gmm-init-model.cc:55) Tree has pdf-id 9 with no stats; corresponding phone list: 38 39 40 41 
WARNING (gmm-init-model[5.5.1139~1-67548]:InitAmGmm():gmm-init-model.cc:55) Tree has pdf-id 10 with no stats; corresponding phone list: 42 43 44 45 
WARNING (gmm-init-model[5.5.1139~1-67548]:InitAmGmm():gmm-init-model.cc:55) Tree has pdf-id 11 with no stats; corresponding phone list: 46 47 48 49 
WARNING (gmm-init-model[5.5.1139~1-67548]:InitAmGmm():gmm-init-model.cc:55) Tree has pdf-id 12 with no stats; corresponding phone list: 50 51 52 53 
WARNING (gmm-init-model[5.5.1139~1-67548]:InitAmGmm():gmm-init-model.cc:55) Tree has pdf-id 14 with no stats; corresponding phone list: 58 59 60 61 
WARNING (gmm-init-model[5.5.1139~1-67548]:InitAmGmm():gmm-init-model.cc:55) Tree has pdf-id 17 with no stats; corresponding phone list: 70 71 72 73 
WARNING (gmm-init-model[5.5.1139~1-67548]:InitAmGmm():gmm-init-model.cc:55) Tree has pdf-id 18 with no stats; corresponding phone list: 74 75 76 77 
WARNING (gmm-init-model[5.5.1139~1-67548]:InitAmGmm():gmm-init-model.cc:55) Tree has pdf-id 20 with no stats; corresponding phone list: 82 83 84 85 
WARNING (gmm-init-model[5.5.1139~1-67548]:InitAmGmm():gmm-init-model.cc:55) Tree has pdf-id 22 with no stats; corresponding phone list: 90 91 92 93 
WARNING (gmm-init-model[5.5.1139~1-67548]:InitAmGmm():gmm-init-model.cc:55) Tree has pdf-id 23 with no stats; corresponding phone list: 94 95 96 97 
WARNING (gmm-init-model[5.5.1139~1-67548]:InitAmGmm():gmm-init-model.cc:55) Tree has pdf-id 26 with no stats; corresponding phone list: 106 107 108 109 
WARNING (gmm-init-model[5.5.1139~1-67548]:InitAmGmm():gmm-init-model.cc:55) Tree has pdf-id 27 with no stats; corresponding phone list: 110 111 112 113 
WARNING (gmm-init-model[5.5.1139~1-67548]:InitAmGmm():gmm-init-model.cc:55) Tree has pdf-id 28 with no stats; corresponding phone list: 114 115 116 117 
WARNING (gmm-init-model[5.5.1139~1-67548]:InitAmGmm():gmm-init-model.cc:55) Tree has pdf-id 29 with no stats; corresponding phone list: 118 119 120 121 
WARNING (gmm-init-model[5.5.1139~1-67548]:InitAmGmm():gmm-init-model.cc:55) Tree has pdf-id 30 with no stats; corresponding phone list: 122 123 124 125 
WARNING (gmm-init-model[5.5.1139~1-67548]:InitAmGmm():gmm-init-model.cc:55) Tree has pdf-id 31 with no stats; corresponding phone list: 126 127 128 129 
WARNING (gmm-init-model[5.5.1139~1-67548]:InitAmGmm():gmm-init-model.cc:55) Tree has pdf-id 33 with no stats; corresponding phone list: 134 135 136 137 
WARNING (gmm-init-model[5.5.1139~1-67548]:InitAmGmm():gmm-init-model.cc:55) Tree has pdf-id 34 with no stats; corresponding phone list: 138 139 140 141 
WARNING (gmm-init-model[5.5.1139~1-67548]:InitAmGmm():gmm-init-model.cc:55) Tree has pdf-id 36 with no stats; corresponding phone list: 146 147 148 149 
WARNING (gmm-init-model[5.5.1139~1-67548]:InitAmGmm():gmm-init-model.cc:55) Tree has pdf-id 41 with no stats; corresponding phone list: 166 167 168 169 
WARNING (gmm-init-model[5.5.1139~1-67548]:InitAmGmm():gmm-init-model.cc:55) Tree has pdf-id 43 with no stats; corresponding phone list: 174 175 176 177 
WARNING (gmm-init-model[5.5.1139~1-67548]:InitAmGmm():gmm-init-model.cc:55) Tree has pdf-id 44 with no stats; corresponding phone list: 178 179 180 181 
WARNING (gmm-init-model[5.5.1139~1-67548]:InitAmGmm():gmm-init-model.cc:83) Very small count for state 13: 27; corresponding phone list: 54 55 56 57 
WARNING (gmm-init-model[5.5.1139~1-67548]:InitAmGmm():gmm-init-model.cc:83) Very small count for state 15: 23; corresponding phone list: 62 63 64 65 
WARNING (gmm-init-model[5.5.1139~1-67548]:InitAmGmm():gmm-init-model.cc:83) Very small count for state 16: 24; corresponding phone list: 66 67 68 69 
WARNING (gmm-init-model[5.5.1139~1-67548]:InitAmGmm():gmm-init-model.cc:83) Very small count for state 19: 30; corresponding phone list: 78 79 80 81 
WARNING (gmm-init-model[5.5.1139~1-67548]:InitAmGmm():gmm-init-model.cc:83) Very small count for state 21: 29; corresponding phone list: 86 87 88 89 
WARNING (gmm-init-model[5.5.1139~1-67548]:InitAmGmm():gmm-init-model.cc:83) Very small count for state 24: 27; corresponding phone list: 98 99 100 101 
WARNING (gmm-init-model[5.5.1139~1-67548]:InitAmGmm():gmm-init-model.cc:83) Very small count for state 25: 14; corresponding phone list: 102 103 104 105 
WARNING (gmm-init-model[5.5.1139~1-67548]:InitAmGmm():gmm-init-model.cc:83) Very small count for state 32: 40; corresponding phone list: 130 131 132 133 
WARNING (gmm-init-model[5.5.1139~1-67548]:InitAmGmm():gmm-init-model.cc:83) Very small count for state 35: 21; corresponding phone list: 142 143 144 145 
WARNING (gmm-init-model[5.5.1139~1-67548]:InitAmGmm():gmm-init-model.cc:83) Very small count for state 37: 63; corresponding phone list: 150 151 152 153 
WARNING (gmm-init-model[5.5.1139~1-67548]:InitAmGmm():gmm-init-model.cc:83) Very small count for state 38: 27; corresponding phone list: 154 155 156 157 
WARNING (gmm-init-model[5.5.1139~1-67548]:InitAmGmm():gmm-init-model.cc:83) Very small count for state 39: 24; corresponding phone list: 158 159 160 161 
WARNING (gmm-init-model[5.5.1139~1-67548]:InitAmGmm():gmm-init-model.cc:83) Very small count for state 40: 54; corresponding phone list: 162 163 164 165 
WARNING (gmm-init-model[5.5.1139~1-67548]:InitAmGmm():gmm-init-model.cc:83) Very small count for state 42: 63; corresponding phone list: 170 171 172 173 
WARNING (gmm-init-model[5.5.1139~1-67548]:InitAmGmm():gmm-init-model.cc:83) Very small count for state 55: 37; corresponding phone list: 102 103 104 105 
WARNING (gmm-init-model[5.5.1139~1-67548]:InitAmGmm():gmm-init-model.cc:83) Very small count for state 56: 83; corresponding phone list: 158 159 160 161 
WARNING (gmm-init-model[5.5.1139~1-67548]:InitAmGmm():gmm-init-model.cc:83) Very small count for state 57: 51; corresponding phone list: 154 155 156 157 
WARNING (gmm-init-model[5.5.1139~1-67548]:InitAmGmm():gmm-init-model.cc:83) Very small count for state 58: 40; corresponding phone list: 86 87 88 89 
WARNING (gmm-init-model[5.5.1139~1-67548]:InitAmGmm():gmm-init-model.cc:83) Very small count for state 60: 20; corresponding phone list: 98 99 100 101 
WARNING (gmm-init-model[5.5.1139~1-67548]:InitAmGmm():gmm-init-model.cc:83) Very small count for state 61: 80; corresponding phone list: 170 171 172 173 
WARNING (gmm-init-model[5.5.1139~1-67548]:InitAmGmm():gmm-init-model.cc:83) Very small count for state 62: 12; corresponding phone list: 62 63 64 65 
WARNING (gmm-init-model[5.5.1139~1-67548]:InitAmGmm():gmm-init-model.cc:83) Very small count for state 63: 51; corresponding phone list: 86 87 88 89 
LOG (gmm-init-model[5.5.1139~1-67548]:main():gmm-init-model.cc:306) Wrote model.
# Accounting: time=0 threads=1
# Ended (code 0) at Mon Jul 22 15:52:34 CEST 2024, elapsed time 0 seconds
