# gmm-est --write-occs=./exp//mono/13.occs --mix-up=448 --power=0.25 ./exp//mono/12.mdl "gmm-sum-accs - ./exp//mono/12.*.acc|" ./exp//mono/13.mdl 
# Started at Fri Aug  2 16:59:17 CEST 2024
#
gmm-est --write-occs=./exp//mono/13.occs --mix-up=448 --power=0.25 ./exp//mono/12.mdl 'gmm-sum-accs - ./exp//mono/12.*.acc|' ./exp//mono/13.mdl 
gmm-sum-accs - ./exp//mono/12.1.acc 
LOG (gmm-sum-accs[5.5.1139~1-67548]:main():gmm-sum-accs.cc:63) Summed 1 stats, total count 26605, avg like/frame -89.1563
LOG (gmm-sum-accs[5.5.1139~1-67548]:main():gmm-sum-accs.cc:66) Total count of stats is 26605
LOG (gmm-sum-accs[5.5.1139~1-67548]:main():gmm-sum-accs.cc:67) Written stats to -
LOG (gmm-est[5.5.1139~1-67548]:MleUpdate():transition-model.cc:528) TransitionModel::Update, objf change is 1.15878e-05 per frame over 26605 frames. 
LOG (gmm-est[5.5.1139~1-67548]:MleUpdate():transition-model.cc:531) 7 probabilities floored, 510 out of 565 transition-states skipped due to insuffient data (it is normal to have some skipped.)
LOG (gmm-est[5.5.1139~1-67548]:main():gmm-est.cc:102) Transition model update: Overall 1.15878e-05 log-like improvement per frame over 26605 frames.
WARNING (gmm-est[5.5.1139~1-67548]:MleDiagGmmUpdate():mle-diag-gmm.cc:365) Gaussian has too little data but not removing it because it is the last Gaussian: i = 0, occ = 0, weight = 1
WARNING (gmm-est[5.5.1139~1-67548]:MleDiagGmmUpdate():mle-diag-gmm.cc:365) Gaussian has too little data but not removing it because it is the last Gaussian: i = 0, occ = 0, weight = 1
WARNING (gmm-est[5.5.1139~1-67548]:MleDiagGmmUpdate():mle-diag-gmm.cc:365) Gaussian has too little data but not removing it because it is the last Gaussian: i = 0, occ = 0, weight = 1
WARNING (gmm-est[5.5.1139~1-67548]:MleDiagGmmUpdate():mle-diag-gmm.cc:365) Gaussian has too little data but not removing it because it is the last Gaussian: i = 0, occ = 0, weight = 1
WARNING (gmm-est[5.5.1139~1-67548]:MleDiagGmmUpdate():mle-diag-gmm.cc:365) Gaussian has too little data but not removing it because it is the last Gaussian: i = 0, occ = 0, weight = 1
WARNING (gmm-est[5.5.1139~1-67548]:MleDiagGmmUpdate():mle-diag-gmm.cc:365) Gaussian has too little data but not removing it because it is the last Gaussian: i = 0, occ = 0, weight = 1
WARNING (gmm-est[5.5.1139~1-67548]:MleDiagGmmUpdate():mle-diag-gmm.cc:365) Gaussian has too little data but not removing it because it is the last Gaussian: i = 0, occ = 0, weight = 1
WARNING (gmm-est[5.5.1139~1-67548]:MleDiagGmmUpdate():mle-diag-gmm.cc:365) Gaussian has too little data but not removing it because it is the last Gaussian: i = 0, occ = 0, weight = 1
WARNING (gmm-est[5.5.1139~1-67548]:MleDiagGmmUpdate():mle-diag-gmm.cc:365) Gaussian has too little data but not removing it because it is the last Gaussian: i = 0, occ = 0, weight = 1
WARNING (gmm-est[5.5.1139~1-67548]:MleDiagGmmUpdate():mle-diag-gmm.cc:365) Gaussian has too little data but not removing it because it is the last Gaussian: i = 0, occ = 0, weight = 1
WARNING (gmm-est[5.5.1139~1-67548]:MleDiagGmmUpdate():mle-diag-gmm.cc:365) Gaussian has too little data but not removing it because it is the last Gaussian: i = 0, occ = 0, weight = 1
WARNING (gmm-est[5.5.1139~1-67548]:MleDiagGmmUpdate():mle-diag-gmm.cc:365) Gaussian has too little data but not removing it because it is the last Gaussian: i = 0, occ = 0, weight = 1
WARNING (gmm-est[5.5.1139~1-67548]:MleDiagGmmUpdate():mle-diag-gmm.cc:365) Gaussian has too little data but not removing it because it is the last Gaussian: i = 0, occ = 0, weight = 1
WARNING (gmm-est[5.5.1139~1-67548]:MleDiagGmmUpdate():mle-diag-gmm.cc:365) Gaussian has too little data but not removing it because it is the last Gaussian: i = 0, occ = 0, weight = 1
WARNING (gmm-est[5.5.1139~1-67548]:MleDiagGmmUpdate():mle-diag-gmm.cc:365) Gaussian has too little data but not removing it because it is the last Gaussian: i = 0, occ = 0, weight = 1
WARNING (gmm-est[5.5.1139~1-67548]:MleDiagGmmUpdate():mle-diag-gmm.cc:365) Gaussian has too little data but not removing it because it is the last Gaussian: i = 0, occ = 0, weight = 1
WARNING (gmm-est[5.5.1139~1-67548]:MleDiagGmmUpdate():mle-diag-gmm.cc:365) Gaussian has too little data but not removing it because it is the last Gaussian: i = 0, occ = 0, weight = 1
WARNING (gmm-est[5.5.1139~1-67548]:MleDiagGmmUpdate():mle-diag-gmm.cc:365) Gaussian has too little data but not removing it because it is the last Gaussian: i = 0, occ = 0, weight = 1
WARNING (gmm-est[5.5.1139~1-67548]:MleDiagGmmUpdate():mle-diag-gmm.cc:365) Gaussian has too little data but not removing it because it is the last Gaussian: i = 0, occ = 0, weight = 1
WARNING (gmm-est[5.5.1139~1-67548]:MleDiagGmmUpdate():mle-diag-gmm.cc:365) Gaussian has too little data but not removing it because it is the last Gaussian: i = 0, occ = 0, weight = 1
WARNING (gmm-est[5.5.1139~1-67548]:MleDiagGmmUpdate():mle-diag-gmm.cc:365) Gaussian has too little data but not removing it because it is the last Gaussian: i = 0, occ = 0, weight = 1
WARNING (gmm-est[5.5.1139~1-67548]:MleDiagGmmUpdate():mle-diag-gmm.cc:365) Gaussian has too little data but not removing it because it is the last Gaussian: i = 0, occ = 0, weight = 1
WARNING (gmm-est[5.5.1139~1-67548]:MleDiagGmmUpdate():mle-diag-gmm.cc:365) Gaussian has too little data but not removing it because it is the last Gaussian: i = 0, occ = 0, weight = 1
WARNING (gmm-est[5.5.1139~1-67548]:MleDiagGmmUpdate():mle-diag-gmm.cc:365) Gaussian has too little data but not removing it because it is the last Gaussian: i = 0, occ = 0, weight = 1
WARNING (gmm-est[5.5.1139~1-67548]:MleDiagGmmUpdate():mle-diag-gmm.cc:365) Gaussian has too little data but not removing it because it is the last Gaussian: i = 0, occ = 0, weight = 1
WARNING (gmm-est[5.5.1139~1-67548]:MleDiagGmmUpdate():mle-diag-gmm.cc:365) Gaussian has too little data but not removing it because it is the last Gaussian: i = 0, occ = 0, weight = 1
WARNING (gmm-est[5.5.1139~1-67548]:MleDiagGmmUpdate():mle-diag-gmm.cc:365) Gaussian has too little data but not removing it because it is the last Gaussian: i = 0, occ = 0, weight = 1
WARNING (gmm-est[5.5.1139~1-67548]:MleDiagGmmUpdate():mle-diag-gmm.cc:365) Gaussian has too little data but not removing it because it is the last Gaussian: i = 0, occ = 0, weight = 1
WARNING (gmm-est[5.5.1139~1-67548]:MleDiagGmmUpdate():mle-diag-gmm.cc:365) Gaussian has too little data but not removing it because it is the last Gaussian: i = 0, occ = 0, weight = 1
WARNING (gmm-est[5.5.1139~1-67548]:MleDiagGmmUpdate():mle-diag-gmm.cc:365) Gaussian has too little data but not removing it because it is the last Gaussian: i = 0, occ = 0, weight = 1
WARNING (gmm-est[5.5.1139~1-67548]:MleDiagGmmUpdate():mle-diag-gmm.cc:365) Gaussian has too little data but not removing it because it is the last Gaussian: i = 0, occ = 0, weight = 1
WARNING (gmm-est[5.5.1139~1-67548]:MleDiagGmmUpdate():mle-diag-gmm.cc:365) Gaussian has too little data but not removing it because it is the last Gaussian: i = 0, occ = 0, weight = 1
WARNING (gmm-est[5.5.1139~1-67548]:MleDiagGmmUpdate():mle-diag-gmm.cc:365) Gaussian has too little data but not removing it because it is the last Gaussian: i = 0, occ = 0, weight = 1
WARNING (gmm-est[5.5.1139~1-67548]:MleDiagGmmUpdate():mle-diag-gmm.cc:365) Gaussian has too little data but not removing it because it is the last Gaussian: i = 0, occ = 0, weight = 1
WARNING (gmm-est[5.5.1139~1-67548]:MleDiagGmmUpdate():mle-diag-gmm.cc:365) Gaussian has too little data but not removing it because it is the last Gaussian: i = 0, occ = 0, weight = 1
WARNING (gmm-est[5.5.1139~1-67548]:MleDiagGmmUpdate():mle-diag-gmm.cc:365) Gaussian has too little data but not removing it because it is the last Gaussian: i = 0, occ = 0, weight = 1
WARNING (gmm-est[5.5.1139~1-67548]:MleDiagGmmUpdate():mle-diag-gmm.cc:365) Gaussian has too little data but not removing it because it is the last Gaussian: i = 0, occ = 8, weight = 1
WARNING (gmm-est[5.5.1139~1-67548]:MleDiagGmmUpdate():mle-diag-gmm.cc:365) Gaussian has too little data but not removing it because it is the last Gaussian: i = 0, occ = 9, weight = 1
WARNING (gmm-est[5.5.1139~1-67548]:MleDiagGmmUpdate():mle-diag-gmm.cc:365) Gaussian has too little data but not removing it because it is the last Gaussian: i = 0, occ = 10, weight = 1
WARNING (gmm-est[5.5.1139~1-67548]:MleDiagGmmUpdate():mle-diag-gmm.cc:365) Gaussian has too little data but not removing it because it is the last Gaussian: i = 0, occ = 0, weight = 1
WARNING (gmm-est[5.5.1139~1-67548]:MleDiagGmmUpdate():mle-diag-gmm.cc:365) Gaussian has too little data but not removing it because it is the last Gaussian: i = 0, occ = 0, weight = 1
WARNING (gmm-est[5.5.1139~1-67548]:MleDiagGmmUpdate():mle-diag-gmm.cc:365) Gaussian has too little data but not removing it because it is the last Gaussian: i = 0, occ = 0, weight = 1
WARNING (gmm-est[5.5.1139~1-67548]:MleDiagGmmUpdate():mle-diag-gmm.cc:365) Gaussian has too little data but not removing it because it is the last Gaussian: i = 0, occ = 10, weight = 1
WARNING (gmm-est[5.5.1139~1-67548]:MleDiagGmmUpdate():mle-diag-gmm.cc:365) Gaussian has too little data but not removing it because it is the last Gaussian: i = 0, occ = 5, weight = 1
WARNING (gmm-est[5.5.1139~1-67548]:MleDiagGmmUpdate():mle-diag-gmm.cc:365) Gaussian has too little data but not removing it because it is the last Gaussian: i = 0, occ = 9, weight = 1
WARNING (gmm-est[5.5.1139~1-67548]:MleDiagGmmUpdate():mle-diag-gmm.cc:365) Gaussian has too little data but not removing it because it is the last Gaussian: i = 0, occ = 0, weight = 1
WARNING (gmm-est[5.5.1139~1-67548]:MleDiagGmmUpdate():mle-diag-gmm.cc:365) Gaussian has too little data but not removing it because it is the last Gaussian: i = 0, occ = 0, weight = 1
WARNING (gmm-est[5.5.1139~1-67548]:MleDiagGmmUpdate():mle-diag-gmm.cc:365) Gaussian has too little data but not removing it because it is the last Gaussian: i = 0, occ = 0, weight = 1
WARNING (gmm-est[5.5.1139~1-67548]:MleDiagGmmUpdate():mle-diag-gmm.cc:365) Gaussian has too little data but not removing it because it is the last Gaussian: i = 0, occ = 0, weight = 1
WARNING (gmm-est[5.5.1139~1-67548]:MleDiagGmmUpdate():mle-diag-gmm.cc:365) Gaussian has too little data but not removing it because it is the last Gaussian: i = 0, occ = 0, weight = 1
WARNING (gmm-est[5.5.1139~1-67548]:MleDiagGmmUpdate():mle-diag-gmm.cc:365) Gaussian has too little data but not removing it because it is the last Gaussian: i = 0, occ = 0, weight = 1
WARNING (gmm-est[5.5.1139~1-67548]:MleDiagGmmUpdate():mle-diag-gmm.cc:365) Gaussian has too little data but not removing it because it is the last Gaussian: i = 0, occ = 6, weight = 1
WARNING (gmm-est[5.5.1139~1-67548]:MleDiagGmmUpdate():mle-diag-gmm.cc:365) Gaussian has too little data but not removing it because it is the last Gaussian: i = 0, occ = 9, weight = 1
WARNING (gmm-est[5.5.1139~1-67548]:MleDiagGmmUpdate():mle-diag-gmm.cc:365) Gaussian has too little data but not removing it because it is the last Gaussian: i = 0, occ = 0, weight = 1
WARNING (gmm-est[5.5.1139~1-67548]:MleDiagGmmUpdate():mle-diag-gmm.cc:365) Gaussian has too little data but not removing it because it is the last Gaussian: i = 0, occ = 0, weight = 1
WARNING (gmm-est[5.5.1139~1-67548]:MleDiagGmmUpdate():mle-diag-gmm.cc:365) Gaussian has too little data but not removing it because it is the last Gaussian: i = 0, occ = 0, weight = 1
WARNING (gmm-est[5.5.1139~1-67548]:MleDiagGmmUpdate():mle-diag-gmm.cc:365) Gaussian has too little data but not removing it because it is the last Gaussian: i = 0, occ = 0, weight = 1
WARNING (gmm-est[5.5.1139~1-67548]:MleDiagGmmUpdate():mle-diag-gmm.cc:365) Gaussian has too little data but not removing it because it is the last Gaussian: i = 0, occ = 0, weight = 1
WARNING (gmm-est[5.5.1139~1-67548]:MleDiagGmmUpdate():mle-diag-gmm.cc:365) Gaussian has too little data but not removing it because it is the last Gaussian: i = 0, occ = 0, weight = 1
WARNING (gmm-est[5.5.1139~1-67548]:MleDiagGmmUpdate():mle-diag-gmm.cc:365) Gaussian has too little data but not removing it because it is the last Gaussian: i = 0, occ = 0, weight = 1
WARNING (gmm-est[5.5.1139~1-67548]:MleDiagGmmUpdate():mle-diag-gmm.cc:365) Gaussian has too little data but not removing it because it is the last Gaussian: i = 0, occ = 0, weight = 1
WARNING (gmm-est[5.5.1139~1-67548]:MleDiagGmmUpdate():mle-diag-gmm.cc:365) Gaussian has too little data but not removing it because it is the last Gaussian: i = 0, occ = 0, weight = 1
WARNING (gmm-est[5.5.1139~1-67548]:MleDiagGmmUpdate():mle-diag-gmm.cc:365) Gaussian has too little data but not removing it because it is the last Gaussian: i = 0, occ = 9, weight = 1
WARNING (gmm-est[5.5.1139~1-67548]:MleDiagGmmUpdate():mle-diag-gmm.cc:365) Gaussian has too little data but not removing it because it is the last Gaussian: i = 0, occ = 7, weight = 1
WARNING (gmm-est[5.5.1139~1-67548]:MleDiagGmmUpdate():mle-diag-gmm.cc:365) Gaussian has too little data but not removing it because it is the last Gaussian: i = 0, occ = 7, weight = 1
WARNING (gmm-est[5.5.1139~1-67548]:MleDiagGmmUpdate():mle-diag-gmm.cc:365) Gaussian has too little data but not removing it because it is the last Gaussian: i = 0, occ = 0, weight = 1
WARNING (gmm-est[5.5.1139~1-67548]:MleDiagGmmUpdate():mle-diag-gmm.cc:365) Gaussian has too little data but not removing it because it is the last Gaussian: i = 0, occ = 0, weight = 1
WARNING (gmm-est[5.5.1139~1-67548]:MleDiagGmmUpdate():mle-diag-gmm.cc:365) Gaussian has too little data but not removing it because it is the last Gaussian: i = 0, occ = 0, weight = 1
WARNING (gmm-est[5.5.1139~1-67548]:MleDiagGmmUpdate():mle-diag-gmm.cc:365) Gaussian has too little data but not removing it because it is the last Gaussian: i = 0, occ = 0, weight = 1
WARNING (gmm-est[5.5.1139~1-67548]:MleDiagGmmUpdate():mle-diag-gmm.cc:365) Gaussian has too little data but not removing it because it is the last Gaussian: i = 0, occ = 0, weight = 1
WARNING (gmm-est[5.5.1139~1-67548]:MleDiagGmmUpdate():mle-diag-gmm.cc:365) Gaussian has too little data but not removing it because it is the last Gaussian: i = 0, occ = 0, weight = 1
WARNING (gmm-est[5.5.1139~1-67548]:MleDiagGmmUpdate():mle-diag-gmm.cc:365) Gaussian has too little data but not removing it because it is the last Gaussian: i = 0, occ = 0, weight = 1
WARNING (gmm-est[5.5.1139~1-67548]:MleDiagGmmUpdate():mle-diag-gmm.cc:365) Gaussian has too little data but not removing it because it is the last Gaussian: i = 0, occ = 0, weight = 1
WARNING (gmm-est[5.5.1139~1-67548]:MleDiagGmmUpdate():mle-diag-gmm.cc:365) Gaussian has too little data but not removing it because it is the last Gaussian: i = 0, occ = 0, weight = 1
WARNING (gmm-est[5.5.1139~1-67548]:MleDiagGmmUpdate():mle-diag-gmm.cc:365) Gaussian has too little data but not removing it because it is the last Gaussian: i = 0, occ = 0, weight = 1
WARNING (gmm-est[5.5.1139~1-67548]:MleDiagGmmUpdate():mle-diag-gmm.cc:365) Gaussian has too little data but not removing it because it is the last Gaussian: i = 0, occ = 0, weight = 1
WARNING (gmm-est[5.5.1139~1-67548]:MleDiagGmmUpdate():mle-diag-gmm.cc:365) Gaussian has too little data but not removing it because it is the last Gaussian: i = 0, occ = 0, weight = 1
WARNING (gmm-est[5.5.1139~1-67548]:MleDiagGmmUpdate():mle-diag-gmm.cc:365) Gaussian has too little data but not removing it because it is the last Gaussian: i = 0, occ = 0, weight = 1
WARNING (gmm-est[5.5.1139~1-67548]:MleDiagGmmUpdate():mle-diag-gmm.cc:365) Gaussian has too little data but not removing it because it is the last Gaussian: i = 0, occ = 0, weight = 1
WARNING (gmm-est[5.5.1139~1-67548]:MleDiagGmmUpdate():mle-diag-gmm.cc:365) Gaussian has too little data but not removing it because it is the last Gaussian: i = 0, occ = 0, weight = 1
WARNING (gmm-est[5.5.1139~1-67548]:MleDiagGmmUpdate():mle-diag-gmm.cc:365) Gaussian has too little data but not removing it because it is the last Gaussian: i = 0, occ = 0, weight = 1
WARNING (gmm-est[5.5.1139~1-67548]:MleDiagGmmUpdate():mle-diag-gmm.cc:365) Gaussian has too little data but not removing it because it is the last Gaussian: i = 0, occ = 0, weight = 1
WARNING (gmm-est[5.5.1139~1-67548]:MleDiagGmmUpdate():mle-diag-gmm.cc:365) Gaussian has too little data but not removing it because it is the last Gaussian: i = 0, occ = 0, weight = 1
WARNING (gmm-est[5.5.1139~1-67548]:MleDiagGmmUpdate():mle-diag-gmm.cc:365) Gaussian has too little data but not removing it because it is the last Gaussian: i = 0, occ = 9, weight = 1
WARNING (gmm-est[5.5.1139~1-67548]:MleDiagGmmUpdate():mle-diag-gmm.cc:365) Gaussian has too little data but not removing it because it is the last Gaussian: i = 0, occ = 6, weight = 1
WARNING (gmm-est[5.5.1139~1-67548]:MleDiagGmmUpdate():mle-diag-gmm.cc:365) Gaussian has too little data but not removing it because it is the last Gaussian: i = 0, occ = 0, weight = 1
WARNING (gmm-est[5.5.1139~1-67548]:MleDiagGmmUpdate():mle-diag-gmm.cc:365) Gaussian has too little data but not removing it because it is the last Gaussian: i = 0, occ = 0, weight = 1
WARNING (gmm-est[5.5.1139~1-67548]:MleDiagGmmUpdate():mle-diag-gmm.cc:365) Gaussian has too little data but not removing it because it is the last Gaussian: i = 0, occ = 0, weight = 1
WARNING (gmm-est[5.5.1139~1-67548]:MleDiagGmmUpdate():mle-diag-gmm.cc:365) Gaussian has too little data but not removing it because it is the last Gaussian: i = 0, occ = 0, weight = 1
WARNING (gmm-est[5.5.1139~1-67548]:MleDiagGmmUpdate():mle-diag-gmm.cc:365) Gaussian has too little data but not removing it because it is the last Gaussian: i = 0, occ = 0, weight = 1
WARNING (gmm-est[5.5.1139~1-67548]:MleDiagGmmUpdate():mle-diag-gmm.cc:365) Gaussian has too little data but not removing it because it is the last Gaussian: i = 0, occ = 0, weight = 1
WARNING (gmm-est[5.5.1139~1-67548]:MleDiagGmmUpdate():mle-diag-gmm.cc:365) Gaussian has too little data but not removing it because it is the last Gaussian: i = 0, occ = 9, weight = 1
WARNING (gmm-est[5.5.1139~1-67548]:MleDiagGmmUpdate():mle-diag-gmm.cc:365) Gaussian has too little data but not removing it because it is the last Gaussian: i = 0, occ = 9, weight = 1
WARNING (gmm-est[5.5.1139~1-67548]:MleDiagGmmUpdate():mle-diag-gmm.cc:365) Gaussian has too little data but not removing it because it is the last Gaussian: i = 0, occ = 3, weight = 1
WARNING (gmm-est[5.5.1139~1-67548]:MleDiagGmmUpdate():mle-diag-gmm.cc:365) Gaussian has too little data but not removing it because it is the last Gaussian: i = 0, occ = 0, weight = 1
WARNING (gmm-est[5.5.1139~1-67548]:MleDiagGmmUpdate():mle-diag-gmm.cc:365) Gaussian has too little data but not removing it because it is the last Gaussian: i = 0, occ = 0, weight = 1
WARNING (gmm-est[5.5.1139~1-67548]:MleDiagGmmUpdate():mle-diag-gmm.cc:365) Gaussian has too little data but not removing it because it is the last Gaussian: i = 0, occ = 0, weight = 1
WARNING (gmm-est[5.5.1139~1-67548]:MleDiagGmmUpdate():mle-diag-gmm.cc:365) Gaussian has too little data but not removing it because it is the last Gaussian: i = 0, occ = 6, weight = 1
WARNING (gmm-est[5.5.1139~1-67548]:MleDiagGmmUpdate():mle-diag-gmm.cc:365) Gaussian has too little data but not removing it because it is the last Gaussian: i = 0, occ = 0, weight = 1
WARNING (gmm-est[5.5.1139~1-67548]:MleDiagGmmUpdate():mle-diag-gmm.cc:365) Gaussian has too little data but not removing it because it is the last Gaussian: i = 0, occ = 0, weight = 1
WARNING (gmm-est[5.5.1139~1-67548]:MleDiagGmmUpdate():mle-diag-gmm.cc:365) Gaussian has too little data but not removing it because it is the last Gaussian: i = 0, occ = 0, weight = 1
WARNING (gmm-est[5.5.1139~1-67548]:MleDiagGmmUpdate():mle-diag-gmm.cc:365) Gaussian has too little data but not removing it because it is the last Gaussian: i = 0, occ = 0, weight = 1
WARNING (gmm-est[5.5.1139~1-67548]:MleDiagGmmUpdate():mle-diag-gmm.cc:365) Gaussian has too little data but not removing it because it is the last Gaussian: i = 0, occ = 0, weight = 1
WARNING (gmm-est[5.5.1139~1-67548]:MleDiagGmmUpdate():mle-diag-gmm.cc:365) Gaussian has too little data but not removing it because it is the last Gaussian: i = 0, occ = 0, weight = 1
WARNING (gmm-est[5.5.1139~1-67548]:MleDiagGmmUpdate():mle-diag-gmm.cc:365) Gaussian has too little data but not removing it because it is the last Gaussian: i = 0, occ = 0, weight = 1
WARNING (gmm-est[5.5.1139~1-67548]:MleDiagGmmUpdate():mle-diag-gmm.cc:365) Gaussian has too little data but not removing it because it is the last Gaussian: i = 0, occ = 0, weight = 1
WARNING (gmm-est[5.5.1139~1-67548]:MleDiagGmmUpdate():mle-diag-gmm.cc:365) Gaussian has too little data but not removing it because it is the last Gaussian: i = 0, occ = 0, weight = 1
LOG (gmm-est[5.5.1139~1-67548]:MleAmDiagGmmUpdate():mle-am-diag-gmm.cc:225) 40 variance elements floored in 40 Gaussians, out of 421
LOG (gmm-est[5.5.1139~1-67548]:MleAmDiagGmmUpdate():mle-am-diag-gmm.cc:229) Removed 0 Gaussians due to counts < --min-gaussian-occupancy=10 and --remove-low-count-gaussians=true
LOG (gmm-est[5.5.1139~1-67548]:main():gmm-est.cc:113) GMM update: Overall 0.354773 objective function improvement per frame over 26605 frames
LOG (gmm-est[5.5.1139~1-67548]:main():gmm-est.cc:116) GMM update: Overall avg like per frame = -89.1563 over 26605 frames.
LOG (gmm-est[5.5.1139~1-67548]:SplitByCount():am-diag-gmm.cc:116) Split 140 states with target = 448, power = 0.25, perturb_factor = 0.01 and min_count = 20, split #Gauss from 421 to 449
LOG (gmm-est[5.5.1139~1-67548]:main():gmm-est.cc:146) Written model to ./exp//mono/13.mdl
# Accounting: time=0 threads=1
# Ended (code 0) at Fri Aug  2 16:59:17 CEST 2024, elapsed time 0 seconds
