# extract-segments scp,p:./data/train/wav.scp ./data/train/log/segments.1 ark:- | compute-mfcc-feats --write-utt2dur=ark,t:./data/train/log/utt2dur.1 --verbose=2 --config=conf/mfcc.conf ark:- ark:- | copy-feats --compress=true --write-num-frames=ark,t:./data/train/log/utt2num_frames.1 ark:- ark,scp:/home/yu/main/./data/train/data/raw_mfcc_train.1.ark,/home/yu/main/./data/train/data/raw_mfcc_train.1.scp 
# Started at Sun Jul 21 12:32:35 CEST 2024
#
copy-feats --compress=true --write-num-frames=ark,t:./data/train/log/utt2num_frames.1 ark:- ark,scp:/home/yu/main/./data/train/data/raw_mfcc_train.1.ark,/home/yu/main/./data/train/data/raw_mfcc_train.1.scp 
extract-segments scp,p:./data/train/wav.scp ./data/train/log/segments.1 ark:- 
compute-mfcc-feats --write-utt2dur=ark,t:./data/train/log/utt2dur.1 --verbose=2 --config=conf/mfcc.conf ark:- ark:- 
VLOG[2] (compute-mfcc-feats[5.5.1139~1-67548]:main():compute-mfcc-feats.cc:182) Processed features for key 2022_COE_F_G1_14_A001
VLOG[2] (compute-mfcc-feats[5.5.1139~1-67548]:main():compute-mfcc-feats.cc:182) Processed features for key 2022_COE_F_G1_14_A002
VLOG[2] (compute-mfcc-feats[5.5.1139~1-67548]:main():compute-mfcc-feats.cc:182) Processed features for key 2022_COE_F_G1_14_A003
VLOG[2] (compute-mfcc-feats[5.5.1139~1-67548]:main():compute-mfcc-feats.cc:182) Processed features for key 2022_COE_F_G1_14_A004
VLOG[2] (compute-mfcc-feats[5.5.1139~1-67548]:main():compute-mfcc-feats.cc:182) Processed features for key 2022_COE_F_G1_14_A005
VLOG[2] (compute-mfcc-feats[5.5.1139~1-67548]:main():compute-mfcc-feats.cc:182) Processed features for key 2022_COE_F_G1_14_A006
VLOG[2] (compute-mfcc-feats[5.5.1139~1-67548]:main():compute-mfcc-feats.cc:182) Processed features for key 2022_COE_F_G1_14_A007
VLOG[2] (compute-mfcc-feats[5.5.1139~1-67548]:main():compute-mfcc-feats.cc:182) Processed features for key 2022_COE_F_G1_14_A008
VLOG[2] (compute-mfcc-feats[5.5.1139~1-67548]:main():compute-mfcc-feats.cc:182) Processed features for key 2022_COE_F_G1_14_A009
LOG (compute-mfcc-feats[5.5.1139~1-67548]:main():compute-mfcc-feats.cc:181) Processed 10 utterances
VLOG[2] (compute-mfcc-feats[5.5.1139~1-67548]:main():compute-mfcc-feats.cc:182) Processed features for key 2022_COE_F_G1_14_A010
VLOG[2] (compute-mfcc-feats[5.5.1139~1-67548]:main():compute-mfcc-feats.cc:182) Processed features for key 2022_COE_F_G1_14_A011
VLOG[2] (compute-mfcc-feats[5.5.1139~1-67548]:main():compute-mfcc-feats.cc:182) Processed features for key 2022_COE_F_G1_14_A012
VLOG[2] (compute-mfcc-feats[5.5.1139~1-67548]:main():compute-mfcc-feats.cc:182) Processed features for key 2022_COE_F_G1_14_A013
VLOG[2] (compute-mfcc-feats[5.5.1139~1-67548]:main():compute-mfcc-feats.cc:182) Processed features for key 2022_COE_F_G1_14_A014
VLOG[2] (compute-mfcc-feats[5.5.1139~1-67548]:main():compute-mfcc-feats.cc:182) Processed features for key 2022_COE_F_G1_14_A015
VLOG[2] (compute-mfcc-feats[5.5.1139~1-67548]:main():compute-mfcc-feats.cc:182) Processed features for key 2022_COE_F_G1_14_A016
VLOG[2] (compute-mfcc-feats[5.5.1139~1-67548]:main():compute-mfcc-feats.cc:182) Processed features for key 2022_COE_F_G1_14_A017
VLOG[2] (compute-mfcc-feats[5.5.1139~1-67548]:main():compute-mfcc-feats.cc:182) Processed features for key 2022_COE_F_G1_14_A018
VLOG[2] (compute-mfcc-feats[5.5.1139~1-67548]:main():compute-mfcc-feats.cc:182) Processed features for key 2022_COE_F_G1_14_A019
LOG (compute-mfcc-feats[5.5.1139~1-67548]:main():compute-mfcc-feats.cc:181) Processed 20 utterances
VLOG[2] (compute-mfcc-feats[5.5.1139~1-67548]:main():compute-mfcc-feats.cc:182) Processed features for key 2022_COE_F_G1_14_A020
VLOG[2] (compute-mfcc-feats[5.5.1139~1-67548]:main():compute-mfcc-feats.cc:182) Processed features for key 2022_COE_F_G1_14_A021
VLOG[2] (compute-mfcc-feats[5.5.1139~1-67548]:main():compute-mfcc-feats.cc:182) Processed features for key 2022_COE_F_G1_14_A022
VLOG[2] (compute-mfcc-feats[5.5.1139~1-67548]:main():compute-mfcc-feats.cc:182) Processed features for key 2022_COE_F_G1_14_A023
VLOG[2] (compute-mfcc-feats[5.5.1139~1-67548]:main():compute-mfcc-feats.cc:182) Processed features for key 2022_COE_F_G1_14_A024
VLOG[2] (compute-mfcc-feats[5.5.1139~1-67548]:main():compute-mfcc-feats.cc:182) Processed features for key 2022_COE_F_G1_14_A025
VLOG[2] (compute-mfcc-feats[5.5.1139~1-67548]:main():compute-mfcc-feats.cc:182) Processed features for key 2022_COE_F_G1_14_A026
VLOG[2] (compute-mfcc-feats[5.5.1139~1-67548]:main():compute-mfcc-feats.cc:182) Processed features for key 2022_COE_F_G1_14_B001
VLOG[2] (compute-mfcc-feats[5.5.1139~1-67548]:main():compute-mfcc-feats.cc:182) Processed features for key 2022_COE_F_G1_14_B002
VLOG[2] (compute-mfcc-feats[5.5.1139~1-67548]:main():compute-mfcc-feats.cc:182) Processed features for key 2022_COE_F_G1_14_B003
LOG (compute-mfcc-feats[5.5.1139~1-67548]:main():compute-mfcc-feats.cc:181) Processed 30 utterances
VLOG[2] (compute-mfcc-feats[5.5.1139~1-67548]:main():compute-mfcc-feats.cc:182) Processed features for key 2022_COE_F_G1_14_B004
VLOG[2] (compute-mfcc-feats[5.5.1139~1-67548]:main():compute-mfcc-feats.cc:182) Processed features for key 2022_COE_F_G1_14_B005
VLOG[2] (compute-mfcc-feats[5.5.1139~1-67548]:main():compute-mfcc-feats.cc:182) Processed features for key 2022_COE_F_G1_14_B006
VLOG[2] (compute-mfcc-feats[5.5.1139~1-67548]:main():compute-mfcc-feats.cc:182) Processed features for key 2022_COE_F_G1_14_B007
VLOG[2] (compute-mfcc-feats[5.5.1139~1-67548]:main():compute-mfcc-feats.cc:182) Processed features for key 2022_COE_F_G1_14_B008
VLOG[2] (compute-mfcc-feats[5.5.1139~1-67548]:main():compute-mfcc-feats.cc:182) Processed features for key 2022_COE_F_G1_14_B009
VLOG[2] (compute-mfcc-feats[5.5.1139~1-67548]:main():compute-mfcc-feats.cc:182) Processed features for key 2022_COE_F_G1_14_B010
VLOG[2] (compute-mfcc-feats[5.5.1139~1-67548]:main():compute-mfcc-feats.cc:182) Processed features for key 2022_COE_F_G1_14_C001
VLOG[2] (compute-mfcc-feats[5.5.1139~1-67548]:main():compute-mfcc-feats.cc:182) Processed features for key 2022_COE_F_G1_14_C002
VLOG[2] (compute-mfcc-feats[5.5.1139~1-67548]:main():compute-mfcc-feats.cc:182) Processed features for key 2022_COE_F_G1_14_C003
LOG (compute-mfcc-feats[5.5.1139~1-67548]:main():compute-mfcc-feats.cc:181) Processed 40 utterances
VLOG[2] (compute-mfcc-feats[5.5.1139~1-67548]:main():compute-mfcc-feats.cc:182) Processed features for key 2022_COE_F_G1_14_C004
VLOG[2] (compute-mfcc-feats[5.5.1139~1-67548]:main():compute-mfcc-feats.cc:182) Processed features for key 2022_COE_F_G1_14_C005
VLOG[2] (compute-mfcc-feats[5.5.1139~1-67548]:main():compute-mfcc-feats.cc:182) Processed features for key 2022_COE_F_G1_14_C006
VLOG[2] (compute-mfcc-feats[5.5.1139~1-67548]:main():compute-mfcc-feats.cc:182) Processed features for key 2022_COE_F_G1_14_C007
VLOG[2] (compute-mfcc-feats[5.5.1139~1-67548]:main():compute-mfcc-feats.cc:182) Processed features for key 2022_COE_F_G1_14_C008
VLOG[2] (compute-mfcc-feats[5.5.1139~1-67548]:main():compute-mfcc-feats.cc:182) Processed features for key 2022_COE_F_G1_14_C009
VLOG[2] (compute-mfcc-feats[5.5.1139~1-67548]:main():compute-mfcc-feats.cc:182) Processed features for key 2022_COE_F_G1_14_C010
VLOG[2] (compute-mfcc-feats[5.5.1139~1-67548]:main():compute-mfcc-feats.cc:182) Processed features for key 2022_COE_F_G1_14_C011
VLOG[2] (compute-mfcc-feats[5.5.1139~1-67548]:main():compute-mfcc-feats.cc:182) Processed features for key 2022_COE_F_G1_14_C012
VLOG[2] (compute-mfcc-feats[5.5.1139~1-67548]:main():compute-mfcc-feats.cc:182) Processed features for key 2022_COE_F_G1_14_C013
LOG (compute-mfcc-feats[5.5.1139~1-67548]:main():compute-mfcc-feats.cc:181) Processed 50 utterances
VLOG[2] (compute-mfcc-feats[5.5.1139~1-67548]:main():compute-mfcc-feats.cc:182) Processed features for key 2022_COE_F_G1_14_C014
VLOG[2] (compute-mfcc-feats[5.5.1139~1-67548]:main():compute-mfcc-feats.cc:182) Processed features for key 2022_COE_F_G1_14_C015
VLOG[2] (compute-mfcc-feats[5.5.1139~1-67548]:main():compute-mfcc-feats.cc:182) Processed features for key 2022_COE_F_G1_14_C016
VLOG[2] (compute-mfcc-feats[5.5.1139~1-67548]:main():compute-mfcc-feats.cc:182) Processed features for key 2022_COE_F_G1_14_C017
VLOG[2] (compute-mfcc-feats[5.5.1139~1-67548]:main():compute-mfcc-feats.cc:182) Processed features for key 2022_COE_F_G1_14_C018
VLOG[2] (compute-mfcc-feats[5.5.1139~1-67548]:main():compute-mfcc-feats.cc:182) Processed features for key 2022_COE_F_G1_14_C019
VLOG[2] (compute-mfcc-feats[5.5.1139~1-67548]:main():compute-mfcc-feats.cc:182) Processed features for key 2022_COE_F_G1_14_C020
VLOG[2] (compute-mfcc-feats[5.5.1139~1-67548]:main():compute-mfcc-feats.cc:182) Processed features for key 2022_COE_F_G1_14_C021
VLOG[2] (compute-mfcc-feats[5.5.1139~1-67548]:main():compute-mfcc-feats.cc:182) Processed features for key 2022_COE_F_G1_14_C022
VLOG[2] (compute-mfcc-feats[5.5.1139~1-67548]:main():compute-mfcc-feats.cc:182) Processed features for key 2022_COE_F_G1_14_C023
LOG (compute-mfcc-feats[5.5.1139~1-67548]:main():compute-mfcc-feats.cc:181) Processed 60 utterances
VLOG[2] (compute-mfcc-feats[5.5.1139~1-67548]:main():compute-mfcc-feats.cc:182) Processed features for key 2022_COE_F_G1_14_C024
VLOG[2] (compute-mfcc-feats[5.5.1139~1-67548]:main():compute-mfcc-feats.cc:182) Processed features for key 2022_COE_F_G1_14_C025
VLOG[2] (compute-mfcc-feats[5.5.1139~1-67548]:main():compute-mfcc-feats.cc:182) Processed features for key 2022_COE_F_G1_14_C026
VLOG[2] (compute-mfcc-feats[5.5.1139~1-67548]:main():compute-mfcc-feats.cc:182) Processed features for key 2022_COE_F_G1_14_C027
VLOG[2] (compute-mfcc-feats[5.5.1139~1-67548]:main():compute-mfcc-feats.cc:182) Processed features for key 2022_COE_F_G1_14_C028
VLOG[2] (compute-mfcc-feats[5.5.1139~1-67548]:main():compute-mfcc-feats.cc:182) Processed features for key 2022_COE_F_G1_14_C029
VLOG[2] (compute-mfcc-feats[5.5.1139~1-67548]:main():compute-mfcc-feats.cc:182) Processed features for key 2022_COE_F_G1_14_C030
VLOG[2] (compute-mfcc-feats[5.5.1139~1-67548]:main():compute-mfcc-feats.cc:182) Processed features for key 2022_COE_F_G1_14_C031
VLOG[2] (compute-mfcc-feats[5.5.1139~1-67548]:main():compute-mfcc-feats.cc:182) Processed features for key 2022_COE_F_G1_14_C032
VLOG[2] (compute-mfcc-feats[5.5.1139~1-67548]:main():compute-mfcc-feats.cc:182) Processed features for key 2022_COE_F_G1_14_C033
LOG (compute-mfcc-feats[5.5.1139~1-67548]:main():compute-mfcc-feats.cc:181) Processed 70 utterances
VLOG[2] (compute-mfcc-feats[5.5.1139~1-67548]:main():compute-mfcc-feats.cc:182) Processed features for key 2022_COE_F_G1_14_C034
VLOG[2] (compute-mfcc-feats[5.5.1139~1-67548]:main():compute-mfcc-feats.cc:182) Processed features for key 2022_COE_F_G1_14_C035
VLOG[2] (compute-mfcc-feats[5.5.1139~1-67548]:main():compute-mfcc-feats.cc:182) Processed features for key 2022_COE_F_G1_14_C036
VLOG[2] (compute-mfcc-feats[5.5.1139~1-67548]:main():compute-mfcc-feats.cc:182) Processed features for key 2022_COE_F_G1_14_C037
VLOG[2] (compute-mfcc-feats[5.5.1139~1-67548]:main():compute-mfcc-feats.cc:182) Processed features for key 2022_COE_F_G1_14_C038
VLOG[2] (compute-mfcc-feats[5.5.1139~1-67548]:main():compute-mfcc-feats.cc:182) Processed features for key 2022_COE_F_G1_14_C039
LOG (extract-segments[5.5.1139~1-67548]:main():extract-segments.cc:194) Successfully processed 77 lines out of 77 in the segments file. 
VLOG[2] (compute-mfcc-feats[5.5.1139~1-67548]:main():compute-mfcc-feats.cc:182) Processed features for key 2022_COE_F_G1_14_C040
VLOG[2] (compute-mfcc-feats[5.5.1139~1-67548]:main():compute-mfcc-feats.cc:182) Processed features for key 2022_COE_F_G1_14_D001
LOG (compute-mfcc-feats[5.5.1139~1-67548]:main():compute-mfcc-feats.cc:185)  Done 77 out of 77 utterances.
LOG (copy-feats[5.5.1139~1-67548]:main():copy-feats.cc:143) Copied 77 feature matrices.
# Accounting: time=1 threads=1
# Ended (code 0) at Sun Jul 21 12:32:36 CEST 2024, elapsed time 1 seconds
