# extract-segments scp,p:./data/train/wav.scp ./data/train/log/segments.3 ark:- | compute-mfcc-feats --write-utt2dur=ark,t:./data/train/log/utt2dur.3 --verbose=2 --config=conf/mfcc.conf ark:- ark:- | copy-feats --compress=true --write-num-frames=ark,t:./data/train/log/utt2num_frames.3 ark:- ark,scp:/home/yu/main/./data/train/data/raw_mfcc_train.3.ark,/home/yu/main/./data/train/data/raw_mfcc_train.3.scp 
# Started at Mon Jul 22 00:42:26 CEST 2024
#
copy-feats --compress=true --write-num-frames=ark,t:./data/train/log/utt2num_frames.3 ark:- ark,scp:/home/yu/main/./data/train/data/raw_mfcc_train.3.ark,/home/yu/main/./data/train/data/raw_mfcc_train.3.scp 
extract-segments scp,p:./data/train/wav.scp ./data/train/log/segments.3 ark:- 
compute-mfcc-feats --write-utt2dur=ark,t:./data/train/log/utt2dur.3 --verbose=2 --config=conf/mfcc.conf ark:- ark:- 
VLOG[2] (compute-mfcc-feats[5.5.1139~1-67548]:main():compute-mfcc-feats.cc:182) Processed features for key 2022_COE_F_G1_14_E035
VLOG[2] (compute-mfcc-feats[5.5.1139~1-67548]:main():compute-mfcc-feats.cc:182) Processed features for key 2022_COE_F_G1_14_E036
VLOG[2] (compute-mfcc-feats[5.5.1139~1-67548]:main():compute-mfcc-feats.cc:182) Processed features for key 2022_COE_F_G1_14_E037
VLOG[2] (compute-mfcc-feats[5.5.1139~1-67548]:main():compute-mfcc-feats.cc:182) Processed features for key 2022_COE_F_G1_14_E038
VLOG[2] (compute-mfcc-feats[5.5.1139~1-67548]:main():compute-mfcc-feats.cc:182) Processed features for key 2022_COE_F_G1_14_E039
VLOG[2] (compute-mfcc-feats[5.5.1139~1-67548]:main():compute-mfcc-feats.cc:182) Processed features for key 2022_COE_F_G1_14_F001
VLOG[2] (compute-mfcc-feats[5.5.1139~1-67548]:main():compute-mfcc-feats.cc:182) Processed features for key 2022_COE_F_G1_14_F002
VLOG[2] (compute-mfcc-feats[5.5.1139~1-67548]:main():compute-mfcc-feats.cc:182) Processed features for key 2022_COE_F_G1_14_F003
VLOG[2] (compute-mfcc-feats[5.5.1139~1-67548]:main():compute-mfcc-feats.cc:182) Processed features for key 2022_COE_F_G1_14_F004
LOG (compute-mfcc-feats[5.5.1139~1-67548]:main():compute-mfcc-feats.cc:181) Processed 10 utterances
VLOG[2] (compute-mfcc-feats[5.5.1139~1-67548]:main():compute-mfcc-feats.cc:182) Processed features for key 2022_COE_F_G1_14_F005
VLOG[2] (compute-mfcc-feats[5.5.1139~1-67548]:main():compute-mfcc-feats.cc:182) Processed features for key 2022_COE_F_G1_14_F006
VLOG[2] (compute-mfcc-feats[5.5.1139~1-67548]:main():compute-mfcc-feats.cc:182) Processed features for key 2022_COE_F_G1_14_F007
VLOG[2] (compute-mfcc-feats[5.5.1139~1-67548]:main():compute-mfcc-feats.cc:182) Processed features for key 2022_COE_F_G1_14_F008
VLOG[2] (compute-mfcc-feats[5.5.1139~1-67548]:main():compute-mfcc-feats.cc:182) Processed features for key 2022_COE_F_G1_14_F009
VLOG[2] (compute-mfcc-feats[5.5.1139~1-67548]:main():compute-mfcc-feats.cc:182) Processed features for key 2022_COE_F_G1_14_F010
VLOG[2] (compute-mfcc-feats[5.5.1139~1-67548]:main():compute-mfcc-feats.cc:182) Processed features for key 2022_COE_F_G1_14_F011
VLOG[2] (compute-mfcc-feats[5.5.1139~1-67548]:main():compute-mfcc-feats.cc:182) Processed features for key 2022_COE_F_G1_14_F012
VLOG[2] (compute-mfcc-feats[5.5.1139~1-67548]:main():compute-mfcc-feats.cc:182) Processed features for key 2022_COE_F_G1_14_F013
VLOG[2] (compute-mfcc-feats[5.5.1139~1-67548]:main():compute-mfcc-feats.cc:182) Processed features for key 2022_COE_F_G1_14_F014
LOG (compute-mfcc-feats[5.5.1139~1-67548]:main():compute-mfcc-feats.cc:181) Processed 20 utterances
VLOG[2] (compute-mfcc-feats[5.5.1139~1-67548]:main():compute-mfcc-feats.cc:182) Processed features for key 2022_COE_F_G1_14_F015
VLOG[2] (compute-mfcc-feats[5.5.1139~1-67548]:main():compute-mfcc-feats.cc:182) Processed features for key 2022_COE_F_G1_14_F016
VLOG[2] (compute-mfcc-feats[5.5.1139~1-67548]:main():compute-mfcc-feats.cc:182) Processed features for key 2022_COE_F_G1_14_F017
VLOG[2] (compute-mfcc-feats[5.5.1139~1-67548]:main():compute-mfcc-feats.cc:182) Processed features for key 2022_COE_F_G1_14_F018
VLOG[2] (compute-mfcc-feats[5.5.1139~1-67548]:main():compute-mfcc-feats.cc:182) Processed features for key 2022_COE_F_G1_14_F019
VLOG[2] (compute-mfcc-feats[5.5.1139~1-67548]:main():compute-mfcc-feats.cc:182) Processed features for key 2022_COE_F_G1_14_F020
VLOG[2] (compute-mfcc-feats[5.5.1139~1-67548]:main():compute-mfcc-feats.cc:182) Processed features for key 2022_COE_F_G1_14_F021
VLOG[2] (compute-mfcc-feats[5.5.1139~1-67548]:main():compute-mfcc-feats.cc:182) Processed features for key 2022_COE_F_G1_14_F022
VLOG[2] (compute-mfcc-feats[5.5.1139~1-67548]:main():compute-mfcc-feats.cc:182) Processed features for key 2022_COE_F_G1_14_F023
VLOG[2] (compute-mfcc-feats[5.5.1139~1-67548]:main():compute-mfcc-feats.cc:182) Processed features for key 2022_COE_F_G1_14_F024
LOG (compute-mfcc-feats[5.5.1139~1-67548]:main():compute-mfcc-feats.cc:181) Processed 30 utterances
VLOG[2] (compute-mfcc-feats[5.5.1139~1-67548]:main():compute-mfcc-feats.cc:182) Processed features for key 2022_COE_F_G1_14_F025
VLOG[2] (compute-mfcc-feats[5.5.1139~1-67548]:main():compute-mfcc-feats.cc:182) Processed features for key 2022_COE_F_G1_14_F026
VLOG[2] (compute-mfcc-feats[5.5.1139~1-67548]:main():compute-mfcc-feats.cc:182) Processed features for key 2022_COE_F_G1_14_F027
VLOG[2] (compute-mfcc-feats[5.5.1139~1-67548]:main():compute-mfcc-feats.cc:182) Processed features for key 2022_COE_F_G1_14_F028
VLOG[2] (compute-mfcc-feats[5.5.1139~1-67548]:main():compute-mfcc-feats.cc:182) Processed features for key 2022_COE_F_G1_14_F029
VLOG[2] (compute-mfcc-feats[5.5.1139~1-67548]:main():compute-mfcc-feats.cc:182) Processed features for key 2022_COE_F_G1_14_F030
VLOG[2] (compute-mfcc-feats[5.5.1139~1-67548]:main():compute-mfcc-feats.cc:182) Processed features for key 2022_COE_F_G1_14_F031
VLOG[2] (compute-mfcc-feats[5.5.1139~1-67548]:main():compute-mfcc-feats.cc:182) Processed features for key 2022_COE_F_G1_14_F032
VLOG[2] (compute-mfcc-feats[5.5.1139~1-67548]:main():compute-mfcc-feats.cc:182) Processed features for key 2022_COE_F_G1_14_F033
VLOG[2] (compute-mfcc-feats[5.5.1139~1-67548]:main():compute-mfcc-feats.cc:182) Processed features for key 2022_COE_F_G1_14_F034
LOG (compute-mfcc-feats[5.5.1139~1-67548]:main():compute-mfcc-feats.cc:181) Processed 40 utterances
VLOG[2] (compute-mfcc-feats[5.5.1139~1-67548]:main():compute-mfcc-feats.cc:182) Processed features for key 2022_COE_F_G1_14_F035
VLOG[2] (compute-mfcc-feats[5.5.1139~1-67548]:main():compute-mfcc-feats.cc:182) Processed features for key 2022_COE_F_G1_14_F036
VLOG[2] (compute-mfcc-feats[5.5.1139~1-67548]:main():compute-mfcc-feats.cc:182) Processed features for key 2022_COE_F_G1_14_F037
VLOG[2] (compute-mfcc-feats[5.5.1139~1-67548]:main():compute-mfcc-feats.cc:182) Processed features for key 2022_COE_F_G1_14_F038
VLOG[2] (compute-mfcc-feats[5.5.1139~1-67548]:main():compute-mfcc-feats.cc:182) Processed features for key 2022_COE_F_G1_14_F039
VLOG[2] (compute-mfcc-feats[5.5.1139~1-67548]:main():compute-mfcc-feats.cc:182) Processed features for key 2022_COE_F_G1_14_F040
VLOG[2] (compute-mfcc-feats[5.5.1139~1-67548]:main():compute-mfcc-feats.cc:182) Processed features for key 2022_COE_F_G1_14_F041
VLOG[2] (compute-mfcc-feats[5.5.1139~1-67548]:main():compute-mfcc-feats.cc:182) Processed features for key 2022_COE_F_G1_14_F042
VLOG[2] (compute-mfcc-feats[5.5.1139~1-67548]:main():compute-mfcc-feats.cc:182) Processed features for key 2022_COE_F_G1_14_F043
VLOG[2] (compute-mfcc-feats[5.5.1139~1-67548]:main():compute-mfcc-feats.cc:182) Processed features for key 2022_COE_F_G1_14_F044
LOG (compute-mfcc-feats[5.5.1139~1-67548]:main():compute-mfcc-feats.cc:181) Processed 50 utterances
VLOG[2] (compute-mfcc-feats[5.5.1139~1-67548]:main():compute-mfcc-feats.cc:182) Processed features for key 2022_COE_F_G1_14_F045
VLOG[2] (compute-mfcc-feats[5.5.1139~1-67548]:main():compute-mfcc-feats.cc:182) Processed features for key 2022_COE_F_G1_14_G001
VLOG[2] (compute-mfcc-feats[5.5.1139~1-67548]:main():compute-mfcc-feats.cc:182) Processed features for key 2022_COE_F_G1_14_G002
VLOG[2] (compute-mfcc-feats[5.5.1139~1-67548]:main():compute-mfcc-feats.cc:182) Processed features for key 2022_COE_F_G1_14_G003
VLOG[2] (compute-mfcc-feats[5.5.1139~1-67548]:main():compute-mfcc-feats.cc:182) Processed features for key 2022_COE_F_G1_14_G004
VLOG[2] (compute-mfcc-feats[5.5.1139~1-67548]:main():compute-mfcc-feats.cc:182) Processed features for key 2022_COE_F_G1_14_G005
VLOG[2] (compute-mfcc-feats[5.5.1139~1-67548]:main():compute-mfcc-feats.cc:182) Processed features for key 2022_COE_F_G1_14_G006
VLOG[2] (compute-mfcc-feats[5.5.1139~1-67548]:main():compute-mfcc-feats.cc:182) Processed features for key 2022_COE_F_G1_14_G007
VLOG[2] (compute-mfcc-feats[5.5.1139~1-67548]:main():compute-mfcc-feats.cc:182) Processed features for key 2022_COE_F_G1_14_G008
VLOG[2] (compute-mfcc-feats[5.5.1139~1-67548]:main():compute-mfcc-feats.cc:182) Processed features for key 2022_COE_F_G1_14_G009
LOG (compute-mfcc-feats[5.5.1139~1-67548]:main():compute-mfcc-feats.cc:181) Processed 60 utterances
VLOG[2] (compute-mfcc-feats[5.5.1139~1-67548]:main():compute-mfcc-feats.cc:182) Processed features for key 2022_COE_F_G1_14_G010
VLOG[2] (compute-mfcc-feats[5.5.1139~1-67548]:main():compute-mfcc-feats.cc:182) Processed features for key 2022_COE_F_G1_14_G011
VLOG[2] (compute-mfcc-feats[5.5.1139~1-67548]:main():compute-mfcc-feats.cc:182) Processed features for key 2022_COE_F_G1_14_G012
VLOG[2] (compute-mfcc-feats[5.5.1139~1-67548]:main():compute-mfcc-feats.cc:182) Processed features for key 2022_COE_F_G1_14_G013
VLOG[2] (compute-mfcc-feats[5.5.1139~1-67548]:main():compute-mfcc-feats.cc:182) Processed features for key 2022_COE_F_G1_14_G014
VLOG[2] (compute-mfcc-feats[5.5.1139~1-67548]:main():compute-mfcc-feats.cc:182) Processed features for key 2022_COE_F_G1_14_G015
VLOG[2] (compute-mfcc-feats[5.5.1139~1-67548]:main():compute-mfcc-feats.cc:182) Processed features for key 2022_COE_F_G1_14_G016
VLOG[2] (compute-mfcc-feats[5.5.1139~1-67548]:main():compute-mfcc-feats.cc:182) Processed features for key 2022_COE_F_G1_14_G017
VLOG[2] (compute-mfcc-feats[5.5.1139~1-67548]:main():compute-mfcc-feats.cc:182) Processed features for key 2022_COE_F_G1_14_G018
VLOG[2] (compute-mfcc-feats[5.5.1139~1-67548]:main():compute-mfcc-feats.cc:182) Processed features for key 2022_COE_F_G1_14_G019
LOG (compute-mfcc-feats[5.5.1139~1-67548]:main():compute-mfcc-feats.cc:181) Processed 70 utterances
VLOG[2] (compute-mfcc-feats[5.5.1139~1-67548]:main():compute-mfcc-feats.cc:182) Processed features for key 2022_COE_F_G1_14_G020
VLOG[2] (compute-mfcc-feats[5.5.1139~1-67548]:main():compute-mfcc-feats.cc:182) Processed features for key 2022_COE_F_G1_14_G021
VLOG[2] (compute-mfcc-feats[5.5.1139~1-67548]:main():compute-mfcc-feats.cc:182) Processed features for key 2022_COE_F_G1_14_G022
VLOG[2] (compute-mfcc-feats[5.5.1139~1-67548]:main():compute-mfcc-feats.cc:182) Processed features for key 2022_COE_F_G1_14_G023
VLOG[2] (compute-mfcc-feats[5.5.1139~1-67548]:main():compute-mfcc-feats.cc:182) Processed features for key 2022_COE_F_G1_14_G024
VLOG[2] (compute-mfcc-feats[5.5.1139~1-67548]:main():compute-mfcc-feats.cc:182) Processed features for key 2022_COE_F_G1_14_G025
VLOG[2] (compute-mfcc-feats[5.5.1139~1-67548]:main():compute-mfcc-feats.cc:182) Processed features for key 2022_COE_F_G1_14_G026
VLOG[2] (compute-mfcc-feats[5.5.1139~1-67548]:main():compute-mfcc-feats.cc:182) Processed features for key 2022_COE_F_G1_14_G027
LOG (extract-segments[5.5.1139~1-67548]:main():extract-segments.cc:194) Successfully processed 79 lines out of 79 in the segments file. 
VLOG[2] (compute-mfcc-feats[5.5.1139~1-67548]:main():compute-mfcc-feats.cc:182) Processed features for key 2022_COE_F_G1_14_G028
VLOG[2] (compute-mfcc-feats[5.5.1139~1-67548]:main():compute-mfcc-feats.cc:182) Processed features for key 2022_COE_F_G1_14_G029
LOG (compute-mfcc-feats[5.5.1139~1-67548]:main():compute-mfcc-feats.cc:185)  Done 79 out of 79 utterances.
LOG (copy-feats[5.5.1139~1-67548]:main():copy-feats.cc:143) Copied 79 feature matrices.
# Accounting: time=1 threads=1
# Ended (code 0) at Mon Jul 22 00:42:27 CEST 2024, elapsed time 1 seconds
